03:52:24  ============================================================
03:52:24  Dallas Property Enricher  (Step 2 of 2)
03:52:24  ============================================================
03:52:24    Input:   dallas_properties.csv
03:52:24    Output:  dallas_enriched.csv
03:52:24    Cache:   0 community + 0 school entries already cached
03:52:24  ============================================================
03:52:24  
Reading properties and collecting unique geoIdV4s...
03:52:24    2,484 properties loaded
03:52:24    0 unique neighborhoods
03:52:24    0 unique school districts
03:52:24  
Fetching community data (crime + disasters + demographics)...
03:52:24    0 new lookups (0 already cached)
03:52:24    Community data done.
03:52:24  
Fetching school district data...
03:52:24    0 new lookups (0 already cached)
03:52:24    School district data done.
03:52:24  
Writing dallas_enriched.csv...
03:52:24  ============================================================
03:52:24    Done! 2,484 enriched rows written to dallas_enriched.csv
03:52:24    New columns added per property:
03:52:24      Crime:        crime_index, crime_robbery, crime_burglary, ...
03:52:24      Disasters:    disaster_tornado, disaster_hail, disaster_wind, ...
03:52:24      Demographics: median_age, median_household_income, ...
03:52:24      Climate:      annual_avg_temp, rainy_days_per_year, ...
03:52:24      Schools:      school_district_name, school_district_rating, ...
03:52:24  ============================================================
03:55:19  ============================================================
03:55:19  Dallas Property Enricher  (Step 2 of 2)
03:55:19  ============================================================
03:55:19    Input:   NEW_Dallas_Properties.csv
03:55:19    Output:  dallas_enriched.csv
03:55:19    Cache:   0 community + 0 school entries already cached
03:55:19  ============================================================
03:55:19  
Reading properties and collecting unique geoIdV4s...
03:55:19    8,200 properties loaded
03:55:19    113 unique neighborhoods
03:55:19    6 unique school districts
03:55:19  
Fetching community data (crime + disasters + demographics)...
03:55:19    113 new lookups (0 already cached)
03:55:19    [1/113] community 3e718890...
03:55:19    Community 401 for 3e718890...
03:55:19    [2/113] community 47a54be6...
03:55:20    Community 401 for 47a54be6...
03:55:20    [3/113] community d197b5c8...
03:55:20    Community 401 for d197b5c8...
03:55:21    [4/113] community 05ab7dd8...
03:55:21    Community 401 for 05ab7dd8...
03:55:21    [5/113] community 1efbe202...
03:55:22    Community 401 for 1efbe202...
03:55:22    [6/113] community 19403a1a...
03:55:22    Community 401 for 19403a1a...
03:55:23    [7/113] community fcbcaf25...
03:55:23    Community 401 for fcbcaf25...
03:55:23    [8/113] community aa720293...
03:55:24    Community 401 for aa720293...
03:55:24    [9/113] community 5cebfc44...
03:55:24    Community 401 for 5cebfc44...
03:55:25    [10/113] community e730fe65...
03:55:25    Community 401 for e730fe65...
03:55:25    [11/113] community ce6ec037...
03:55:26    Community 401 for ce6ec037...
03:55:26    [12/113] community 7a43c2a5...
03:55:26    Community 401 for 7a43c2a5...
03:55:27    [13/113] community 7e83d5ac...
03:55:27    Community 401 for 7e83d5ac...
03:55:27    [14/113] community f44e4e01...
03:55:28    Community 401 for f44e4e01...
03:55:28    [15/113] community 97b77061...
03:55:28    Community 401 for 97b77061...
03:55:29    [16/113] community ed0d50ac...
03:55:29    Community 401 for ed0d50ac...
03:55:29    [17/113] community c57c2307...
03:55:29    Community 401 for c57c2307...
03:55:30    [18/113] community 14654eb6...
03:55:30    Community 401 for 14654eb6...
03:55:30    [19/113] community 47e4f150...
03:55:31    Community 401 for 47e4f150...
03:55:31    [20/113] community 39eaa203...
03:55:31    Community 401 for 39eaa203...
03:55:32    [21/113] community c0b3d73a...
03:55:32    Community 401 for c0b3d73a...
03:55:33    [22/113] community 4816c024...
03:55:33    Community 401 for 4816c024...
03:55:33    [23/113] community 7428cfc3...
03:55:33    Community 401 for 7428cfc3...
03:55:34    [24/113] community 96688c84...
03:55:34    Community 401 for 96688c84...
03:55:34    [25/113] community ac30fa35...
03:55:35    Community 401 for ac30fa35...
03:55:35    [26/113] community 8574fb71...
03:55:35    Community 401 for 8574fb71...
03:55:36    [27/113] community 09bc4703...
03:55:36    Community 401 for 09bc4703...
03:55:36    [28/113] community 0771ee49...
03:55:37    Community 401 for 0771ee49...
03:55:37    [29/113] community a96dc93f...
03:55:37    Community 401 for a96dc93f...
03:55:38    [30/113] community 2a39f6b3...
03:55:38    Community 401 for 2a39f6b3...
03:55:38    [31/113] community 746f6e28...
03:55:38    Community 401 for 746f6e28...
03:55:39    [32/113] community 39677228...
03:55:39    Community 401 for 39677228...
03:55:39    [33/113] community cf3ab7d0...
03:55:40    Community 401 for cf3ab7d0...
03:55:40    [34/113] community ff81a42e...
03:55:40    Community 401 for ff81a42e...
03:55:41    [35/113] community 7648f4ba...
03:55:41    Community 401 for 7648f4ba...
03:55:41    [36/113] community 955dce29...
03:55:42    Community 401 for 955dce29...
03:55:42    [37/113] community 1b9db4a9...
03:55:42    Community 401 for 1b9db4a9...
03:55:43    [38/113] community 54538dbe...
03:55:43    Community 401 for 54538dbe...
03:55:43    [39/113] community 0c36b8e1...
03:55:44    Community 401 for 0c36b8e1...
03:55:44    [40/113] community b478f2b0...
03:55:44    Community 401 for b478f2b0...
03:55:45    [41/113] community c7d1e491...
03:55:45    Community 401 for c7d1e491...
03:55:45    [42/113] community be629167...
03:55:46    Community 401 for be629167...
03:55:46    [43/113] community 45ee9889...
03:55:46    Community 401 for 45ee9889...
03:55:47    [44/113] community a72584c6...
03:55:47    Community 401 for a72584c6...
03:55:47    [45/113] community e8d269fa...
03:55:48    Community 401 for e8d269fa...
03:55:48    [46/113] community 74d2b6fe...
03:55:48    Community 401 for 74d2b6fe...
03:55:49    [47/113] community 543001ea...
03:55:49    Community 401 for 543001ea...
03:55:49    [48/113] community f9c9269d...
03:55:50    Community 401 for f9c9269d...
03:55:50    [49/113] community f6e5642b...
03:55:50    Community 401 for f6e5642b...
03:55:51    [50/113] community 178aafb1...
03:55:51    Community 401 for 178aafb1...
03:55:51    [51/113] community abdc33ee...
03:55:52    Community 401 for abdc33ee...
03:55:52    [52/113] community c765669e...
03:55:52    Community 401 for c765669e...
03:55:53    [53/113] community 02b67096...
03:55:53    Community 401 for 02b67096...
03:55:53    [54/113] community 3ea8c51b...
03:55:53    Community 401 for 3ea8c51b...
03:55:54    [55/113] community c58827e1...
03:55:54    Community 401 for c58827e1...
03:55:54    [56/113] community cbc97715...
03:55:55    Community 401 for cbc97715...
03:55:55    [57/113] community f551073a...
03:55:55    Community 401 for f551073a...
03:55:56    [58/113] community ee9ce66b...
03:55:56    Community 401 for ee9ce66b...
03:55:56    [59/113] community e3fac893...
03:55:57    Community 401 for e3fac893...
03:55:57    [60/113] community f937908b...
03:55:57    Community 401 for f937908b...
03:55:58    [61/113] community 986ec0ca...
03:55:58    Community 401 for 986ec0ca...
03:55:58    [62/113] community 71dea214...
03:55:58    Community 401 for 71dea214...
03:55:59    [63/113] community 3854d690...
03:55:59    Community 401 for 3854d690...
03:55:59    [64/113] community e0de0b28...
03:56:00    Community 401 for e0de0b28...
03:56:00    [65/113] community 02dcff2c...
03:56:00    Community 401 for 02dcff2c...
03:56:01    [66/113] community 4ec21c68...
03:56:01    Community 401 for 4ec21c68...
03:56:01    [67/113] community caaf2c8a...
03:56:02    Community 401 for caaf2c8a...
03:56:02    [68/113] community 046205d5...
03:56:02    Community 401 for 046205d5...
03:56:02    [69/113] community ad4ae884...
03:56:03    Community 401 for ad4ae884...
03:56:03    [70/113] community 1a1ad571...
03:56:03    Community 401 for 1a1ad571...
03:56:04    [71/113] community a44ddf2a...
03:56:04    Community 401 for a44ddf2a...
03:56:04    [72/113] community f0ef8f42...
03:56:04    Community 401 for f0ef8f42...
03:56:05    [73/113] community 4305d7a7...
03:56:05    Community 401 for 4305d7a7...
03:56:05    [74/113] community f85fe233...
03:56:06    Community 401 for f85fe233...
03:56:06    [75/113] community ef3a46d2...
03:56:06    Community 401 for ef3a46d2...
03:56:07    [76/113] community bef87e0a...
03:56:07    Community 401 for bef87e0a...
03:56:07    [77/113] community 3d0e0350...
03:56:07    Community 401 for 3d0e0350...
03:56:08    [78/113] community b0e9362c...
03:56:08    Community 401 for b0e9362c...
03:56:08    [79/113] community f1b92e75...
03:56:09    Community 401 for f1b92e75...
03:56:09    [80/113] community 45bfb7dc...
03:56:09    Community 401 for 45bfb7dc...
03:56:09    [81/113] community eea1b002...
03:56:10    Community 401 for eea1b002...
03:56:10    [82/113] community fca33218...
03:56:10    Community 401 for fca33218...
03:56:11    [83/113] community 550bbd00...
03:56:11    Community 401 for 550bbd00...
03:56:12    [84/113] community 76b03f75...
03:56:12    Community 401 for 76b03f75...
03:56:12    [85/113] community 4e7459e6...
03:56:12    Community 401 for 4e7459e6...
03:56:13    [86/113] community 1df810a7...
03:56:13    Community 401 for 1df810a7...
03:56:13    [87/113] community 81fec3e4...
03:56:14    Community 401 for 81fec3e4...
03:56:14    [88/113] community 3a5d09a0...
03:56:14    Community 401 for 3a5d09a0...
03:56:15    [89/113] community 99882d27...
03:56:15    Community 401 for 99882d27...
03:56:15    [90/113] community 85b5397e...
03:56:16    Community 401 for 85b5397e...
03:56:16    [91/113] community bddc628b...
03:56:16    Community 401 for bddc628b...
03:56:17    [92/113] community 272756e2...
03:56:17    Community 401 for 272756e2...
03:56:17    [93/113] community 87f671ef...
03:56:17    Community 401 for 87f671ef...
03:56:18    [94/113] community adbfa24c...
03:56:18    Community 401 for adbfa24c...
03:56:18    [95/113] community e64ae054...
03:56:19    Community 401 for e64ae054...
03:56:19    [96/113] community 34f05d9f...
03:56:19    Community 401 for 34f05d9f...
03:56:20    [97/113] community 2b0b4b3a...
03:56:20    Community 401 for 2b0b4b3a...
03:56:20    [98/113] community 64717af8...
03:56:20    Community 401 for 64717af8...
03:56:21    [99/113] community 845d4025...
03:56:21    Community 401 for 845d4025...
03:56:22    [100/113] community 28239d38...
03:56:22    Community 401 for 28239d38...
03:56:22    [101/113] community f0af1952...
03:56:22    Community 401 for f0af1952...
03:56:23    [102/113] community 1a588af0...
03:56:23    Community 401 for 1a588af0...
03:56:24    [103/113] community 2605a747...
03:56:24    Community 401 for 2605a747...
03:56:24    [104/113] community ff1a44c7...
03:56:24    Community 401 for ff1a44c7...
03:56:25    [105/113] community b8681ef3...
03:56:25    Community 401 for b8681ef3...
03:56:25    [106/113] community ebe0419f...
03:56:26    Community 401 for ebe0419f...
03:56:26    [107/113] community 04000ec6...
03:56:26    Community 401 for 04000ec6...
03:56:27    [108/113] community 8e29bfd6...
03:56:27    Community 401 for 8e29bfd6...
03:56:27    [109/113] community 751da520...
03:56:28    Community 401 for 751da520...
03:56:28    [110/113] community 95d61d36...
03:56:28    Community 401 for 95d61d36...
03:56:29    [111/113] community d0037bce...
03:56:29    Community 401 for d0037bce...
03:56:29    [112/113] community 595d985f...
03:56:30    Community 401 for 595d985f...
03:56:30    [113/113] community a3d4ba7b...
03:56:30    Community 401 for a3d4ba7b...
03:56:31    Community data done.
03:56:31  
Fetching school district data...
03:56:31    6 new lookups (0 already cached)
03:56:31    [1/6] school district 5fd71b42...
03:56:31    School 404 for 5fd71b42...
03:56:31    [2/6] school district 89dae28e...
03:56:31    School 404 for 89dae28e...
03:56:32    [3/6] school district 21aa4bfb...
03:56:32    School 404 for 21aa4bfb...
03:56:32    [4/6] school district 1ee42e0b...
03:56:33    School 404 for 1ee42e0b...
03:56:33    [5/6] school district 0ad55ff8...
03:56:33    School 404 for 0ad55ff8...
03:56:33    [6/6] school district 02c4835b...
03:56:34    School 404 for 02c4835b...
03:56:34    School district data done.
03:56:34  
Writing dallas_enriched.csv...
03:56:34  ============================================================
03:56:34    Done! 8,200 enriched rows written to dallas_enriched.csv
03:56:34    New columns added per property:
03:56:34      Crime:        crime_index, crime_robbery, crime_burglary, ...
03:56:34      Disasters:    disaster_tornado, disaster_hail, disaster_wind, ...
03:56:34      Demographics: median_age, median_household_income, ...
03:56:34      Climate:      annual_avg_temp, rainy_days_per_year, ...
03:56:34      Schools:      school_district_name, school_district_rating, ...
03:56:34  ============================================================
04:10:40  ============================================================
04:10:40  Dallas Property Enricher  (Step 2 of 2)
04:10:40  ============================================================
04:10:40    Input:   NEW_Dallas_Properties.csv
04:10:40    Output:  NEW_dallas_enriched.csv
04:10:40    Cache:   0 community + 0 school entries already cached
04:10:40  ============================================================
04:10:40  
Reading properties and collecting unique geoIdV4s...
04:10:40    8,200 properties loaded
04:10:40    113 unique neighborhoods
04:10:40    6 unique school districts
04:10:40  
Fetching community data (crime + disasters + demographics)...
04:10:40    113 new lookups (0 already cached)
04:10:40    [1/113] community 5cebfc44...
04:10:41    Community 401 for 5cebfc44...
04:10:41    [2/113] community c57c2307...
04:10:41    Community 401 for c57c2307...
04:10:42    [3/113] community 8574fb71...
04:10:42    Community 401 for 8574fb71...
04:10:42    [4/113] community cbc97715...
04:10:44    Community 401 for cbc97715...
04:10:44    [5/113] community ebe0419f...
04:10:44    Community 401 for ebe0419f...
04:10:45    [6/113] community 7648f4ba...
04:10:45    Community 401 for 7648f4ba...
04:10:45    [7/113] community 986ec0ca...
04:10:45    Community 401 for 986ec0ca...
04:10:46    [8/113] community 1df810a7...
04:10:46    Community 401 for 1df810a7...
04:10:46    [9/113] community 4305d7a7...
04:10:47    Community 401 for 4305d7a7...
04:10:47    [10/113] community 34f05d9f...
04:10:47    Community 401 for 34f05d9f...
04:10:48    [11/113] community 05ab7dd8...
04:10:48    Community 401 for 05ab7dd8...
04:10:48    [12/113] community f85fe233...
04:10:48    Community 401 for f85fe233...
04:10:49    [13/113] community a44ddf2a...
04:10:49    Community 401 for a44ddf2a...
04:10:50    [14/113] community 76b03f75...
04:10:50    Community 401 for 76b03f75...
04:10:50    [15/113] community 45bfb7dc...
04:10:51    Community 401 for 45bfb7dc...
04:10:51    [16/113] community 54538dbe...
04:10:51    Community 401 for 54538dbe...
04:10:51    [17/113] community 0771ee49...
04:10:52    Community 401 for 0771ee49...
04:10:52    [18/113] community 178aafb1...
04:10:52    Community 401 for 178aafb1...
04:10:53    [19/113] community 3e718890...
04:10:53    Community 401 for 3e718890...
04:10:53    [20/113] community 955dce29...
04:10:53    Community 401 for 955dce29...
04:10:54    [21/113] community f44e4e01...
04:10:54    Community 401 for f44e4e01...
04:10:54    [22/113] community f9c9269d...
04:10:55    Community 401 for f9c9269d...
04:10:55    [23/113] community 1efbe202...
04:10:55    Community 401 for 1efbe202...
04:10:56    [24/113] community f937908b...
04:10:56    Community 401 for f937908b...
04:10:56    [25/113] community 2605a747...
04:10:57    Community 401 for 2605a747...
04:10:57    [26/113] community 74d2b6fe...
04:10:57    Community 401 for 74d2b6fe...
04:10:58    [27/113] community 3a5d09a0...
04:10:58    Community 401 for 3a5d09a0...
04:10:58    [28/113] community c58827e1...
04:10:58    Community 401 for c58827e1...
04:10:59    [29/113] community 0c36b8e1...
04:10:59    Community 401 for 0c36b8e1...
04:10:59    [30/113] community fca33218...
04:11:00    Community 401 for fca33218...
04:11:00    [31/113] community 3854d690...
04:11:00    Community 401 for 3854d690...
04:11:01    [32/113] community b478f2b0...
04:11:01    Community 401 for b478f2b0...
04:11:01    [33/113] community bef87e0a...
04:11:02    Community 401 for bef87e0a...
04:11:02    [34/113] community d197b5c8...
04:11:02    Community 401 for d197b5c8...
04:11:03    [35/113] community 1b9db4a9...
04:11:03    Community 401 for 1b9db4a9...
04:11:03    [36/113] community aa720293...
04:11:03    Community 401 for aa720293...
04:11:04    [37/113] community 45ee9889...
04:11:04    Community 401 for 45ee9889...
04:11:04    [38/113] community 595d985f...
04:11:05    Community 401 for 595d985f...
04:11:05    [39/113] community 99882d27...
04:11:05    Community 401 for 99882d27...
04:11:06    [40/113] community d0037bce...
04:11:06    Community 401 for d0037bce...
04:11:07    [41/113] community 1a1ad571...
04:11:07    Community 401 for 1a1ad571...
04:11:07    [42/113] community 28239d38...
04:11:07    Community 401 for 28239d38...
04:11:08    [43/113] community 751da520...
04:11:08    Community 401 for 751da520...
04:11:08    [44/113] community 845d4025...
04:11:09    Community 401 for 845d4025...
04:11:09    [45/113] community 95d61d36...
04:11:09    Community 401 for 95d61d36...
04:11:10    [46/113] community 04000ec6...
04:11:10    Community 401 for 04000ec6...
04:11:10    [47/113] community caaf2c8a...
04:11:10    Community 401 for caaf2c8a...
04:11:11    [48/113] community ff1a44c7...
04:11:11    Community 401 for ff1a44c7...
04:11:12    [49/113] community f0ef8f42...
04:11:12    Community 401 for f0ef8f42...
04:11:12    [50/113] community 71dea214...
04:11:12    Community 401 for 71dea214...
04:11:13    [51/113] community 4ec21c68...
04:11:13    Community 401 for 4ec21c68...
04:11:13    [52/113] community ed0d50ac...
04:11:14    Community 401 for ed0d50ac...
04:11:14    [53/113] community 7428cfc3...
04:11:14    Community 401 for 7428cfc3...
04:11:15    [54/113] community 81fec3e4...
04:11:15    Community 401 for 81fec3e4...
04:11:15    [55/113] community 64717af8...
04:11:16    Community 401 for 64717af8...
04:11:16    [56/113] community a3d4ba7b...
04:11:16    Community 401 for a3d4ba7b...
04:11:17    [57/113] community f551073a...
04:11:17    Community 401 for f551073a...
04:11:17    [58/113] community 97b77061...
04:11:18    Community 401 for 97b77061...
04:11:18    [59/113] community bddc628b...
04:11:18    Community 401 for bddc628b...
04:11:18    [60/113] community f0af1952...
04:11:19    Community 401 for f0af1952...
04:11:19    [61/113] community abdc33ee...
04:11:19    Community 401 for abdc33ee...
04:11:20    [62/113] community 39eaa203...
04:11:20    Community 401 for 39eaa203...
04:11:20    [63/113] community 4816c024...
04:11:21    Community 401 for 4816c024...
04:11:21    [64/113] community ff81a42e...
04:11:21    Community 401 for ff81a42e...
04:11:21    [65/113] community 2a39f6b3...
04:11:22    Community 401 for 2a39f6b3...
04:11:22    [66/113] community ad4ae884...
04:11:23    Community 401 for ad4ae884...
04:11:23    [67/113] community ac30fa35...
04:11:23    Community 401 for ac30fa35...
04:11:24    [68/113] community 14654eb6...
04:11:24    Community 401 for 14654eb6...
04:11:24    [69/113] community ee9ce66b...
04:11:25    Community 401 for ee9ce66b...
04:11:25    [70/113] community ef3a46d2...
04:11:25    Community 401 for ef3a46d2...
04:11:25    [71/113] community 19403a1a...
04:11:26    Community 401 for 19403a1a...
04:11:26    [72/113] community 02dcff2c...
04:11:27    Community 401 for 02dcff2c...
04:11:27    [73/113] community b8681ef3...
04:11:27    Community 401 for b8681ef3...
04:11:28    [74/113] community 47e4f150...
04:11:28    Community 401 for 47e4f150...
04:11:28    [75/113] community 7a43c2a5...
04:11:28    Community 401 for 7a43c2a5...
04:11:29    [76/113] community fcbcaf25...
04:11:29    Community 401 for fcbcaf25...
04:11:29    [77/113] community c765669e...
04:11:30    Community 401 for c765669e...
04:11:30    [78/113] community 2b0b4b3a...
04:11:30    Community 401 for 2b0b4b3a...
04:11:31    [79/113] community 1a588af0...
04:11:31    Community 401 for 1a588af0...
04:11:31    [80/113] community e8d269fa...
04:11:32    Community 401 for e8d269fa...
04:11:32    [81/113] community 02b67096...
04:11:32    Community 401 for 02b67096...
04:11:32    [82/113] community f6e5642b...
04:11:33    Community 401 for f6e5642b...
04:11:33    [83/113] community 3ea8c51b...
04:11:33    Community 401 for 3ea8c51b...
04:11:33    [84/113] community 550bbd00...
04:11:34    Community 401 for 550bbd00...
04:11:34    [85/113] community a96dc93f...
04:11:34    Community 401 for a96dc93f...
04:11:35    [86/113] community adbfa24c...
04:11:35    Community 401 for adbfa24c...
04:11:35    [87/113] community 8e29bfd6...
04:11:35    Community 401 for 8e29bfd6...
04:11:36    [88/113] community 7e83d5ac...
04:11:36    Community 401 for 7e83d5ac...
04:11:36    [89/113] community 272756e2...
04:11:37    Community 401 for 272756e2...
04:11:37    [90/113] community 3d0e0350...
04:11:37    Community 401 for 3d0e0350...
04:11:38    [91/113] community e0de0b28...
04:11:38    Community 401 for e0de0b28...
04:11:38    [92/113] community 87f671ef...
04:11:39    Community 401 for 87f671ef...
04:11:39    [93/113] community a72584c6...
04:11:39    Community 401 for a72584c6...
04:11:40    [94/113] community c7d1e491...
04:11:40    Community 401 for c7d1e491...
04:11:40    [95/113] community eea1b002...
04:11:40    Community 401 for eea1b002...
04:11:41    [96/113] community 746f6e28...
04:11:41    Community 401 for 746f6e28...
04:11:41    [97/113] community f1b92e75...
04:11:41    Community 401 for f1b92e75...
04:11:42    [98/113] community cf3ab7d0...
04:11:42    Community 401 for cf3ab7d0...
04:11:42    [99/113] community ce6ec037...
04:11:43    Community 401 for ce6ec037...
04:11:43    [100/113] community 4e7459e6...
04:11:43    Community 401 for 4e7459e6...
04:11:44    [101/113] community b0e9362c...
04:11:44    Community 401 for b0e9362c...
04:11:44    [102/113] community 09bc4703...
04:11:45    Community 401 for 09bc4703...
04:11:45    [103/113] community 47a54be6...
04:11:45    Community 401 for 47a54be6...
04:11:45    [104/113] community 85b5397e...
04:11:46    Community 401 for 85b5397e...
04:11:46    [105/113] community e3fac893...
04:11:46    Community 401 for e3fac893...
04:11:47    [106/113] community 39677228...
04:11:47    Community 401 for 39677228...
04:11:47    [107/113] community e730fe65...
04:11:48    Community 401 for e730fe65...
04:11:48    [108/113] community 96688c84...
04:11:48    Community 401 for 96688c84...
04:11:49    [109/113] community 046205d5...
04:11:49    Community 401 for 046205d5...
04:11:49    [110/113] community be629167...
04:11:49    Community 401 for be629167...
04:11:50    [111/113] community e64ae054...
04:11:50    Community 401 for e64ae054...
04:11:50    [112/113] community 543001ea...
04:11:51    Community 401 for 543001ea...
04:11:51    [113/113] community c0b3d73a...
04:11:52    Community 401 for c0b3d73a...
04:11:52    Community data done.
04:11:52  
Fetching school district data...
04:11:52    6 new lookups (0 already cached)
04:11:52    [1/6] school district 1ee42e0b...
04:11:52    School 404 for 1ee42e0b...
04:11:52    [2/6] school district 89dae28e...
04:11:53    School 404 for 89dae28e...
04:11:53    [3/6] school district 02c4835b...
04:11:53    School 404 for 02c4835b...
04:11:53    [4/6] school district 0ad55ff8...
04:11:54    School 404 for 0ad55ff8...
04:11:54    [5/6] school district 5fd71b42...
04:11:54    School 404 for 5fd71b42...
04:11:55    [6/6] school district 21aa4bfb...
04:11:55    School 404 for 21aa4bfb...
04:11:55    School district data done.
04:11:55  
Writing NEW_dallas_enriched.csv...
04:11:55  ============================================================
04:11:55    Done! 8,200 enriched rows written to NEW_dallas_enriched.csv
04:11:55    New columns added per property:
04:11:55      Crime:        crime_index, crime_robbery, crime_burglary, ...
04:11:55      Disasters:    disaster_tornado, disaster_hail, disaster_wind, ...
04:11:55      Demographics: median_age, median_household_income, ...
04:11:55      Climate:      annual_avg_temp, rainy_days_per_year, ...
04:11:55      Schools:      school_district_name, school_district_rating, ...
04:11:55  ============================================================
